#
# A fatal error has been detected by the Java Runtime Environment:
#
#  EXCEPTION_ACCESS_VIOLATION (0xc0000005) at pc=0x6d8859ee, pid=4140, tid=2824
#
# JRE version: 6.0_26-b03
# Java VM: Java HotSpot(TM) Client VM (20.1-b02 mixed mode, sharing windows-x86 )
# Problematic frame:
# V  [jvm.dll+0x959ee]
#
# If you would like to submit a bug report, please visit:
#   http://java.sun.com/webapps/bugreport/crash.jsp
#

---------------  T H R E A D  ---------------

Current thread (0x01a0a400):  JavaThread "AWT-Windows" daemon [_thread_in_vm, id=2824, stack(0x04200000,0x04250000)]

siginfo: ExceptionCode=0xc0000005, reading address 0x00000000

Registers:
EAX=0x01a302c8, EBX=0x00000000, ECX=0x00000000, EDX=0x0424f64c
ESP=0x0424f63c, EBP=0x0424f6d0, ESI=0x01a0a400, EDI=0x03ffd290
EIP=0x6d8859ee, EFLAGS=0x00010202

Top of Stack: (sp=0x0424f63c)
0x0424f63c:   019fc098 01a0a528 01a0a400 00000025
0x0424f64c:   01a302c8 0000002d 00000003 28000129
0x0424f65c:   00000038 00000031 0018a6a0 28000129
0x0424f66c:   00000125 00130000 00134010 0424f64c
0x0424f67c:   0424f66d 00000001 00000008 0017ea00
0x0424f68c:   0017bad0 0424f678 00000038 00000000
0x0424f69c:   0424f6cc 6d7f2ac6 01a0a400 01a078b8
0x0424f6ac:   01a0a400 01a0a528 0424f6a8 01a2fea0 

Instructions: (pc=0x6d8859ee)
0x6d8859ce:   78 ff ff ff 89 41 14 8b 45 ac c6 04 10 01 8b 4d
0x6d8859de:   b0 8b 55 a8 8b 45 f4 89 04 8a ff 45 b0 8b 5d fc
0x6d8859ee:   8b 03 8b 48 08 0f b7 51 2a 8b 40 0c 8b 4c 90 28
0x6d8859fe:   51 56 8d 4d bc e8 68 a6 07 00 8b 55 18 33 c0 89 


Register to memory mapping:

EAX=0x01a302c8 is an unknown value
EBX=0x00000000 is an unknown value
ECX=0x00000000 is an unknown value
EDX=0x0424f64c is pointing into the stack for thread: 0x01a0a400
ESP=0x0424f63c is pointing into the stack for thread: 0x01a0a400
EBP=0x0424f6d0 is pointing into the stack for thread: 0x01a0a400
ESI=0x01a0a400 is a thread
EDI=0x03ffd290 is an unknown value


Stack: [0x04200000,0x04250000],  sp=0x0424f63c,  free space=317k
Native frames: (J=compiled Java code, j=interpreted, Vv=VM code, C=native code)
V  [jvm.dll+0x959ee]
V  [jvm.dll+0x9891c]
C  [awt.dll+0x6cc2c]  Java_sun_awt_windows_WChoicePeer_create+0x10c
C  [USER32.dll+0x186ef]  IsThreadDesktopComposited+0x11f
C  [USER32.dll+0x18876]  IsThreadDesktopComposited+0x2a6
C  [USER32.dll+0x170f4]  InflateRect+0x74
C  [USER32.dll+0x1738f]  DefWindowProcW+0x144
C  [ntdll.dll+0x4642e]  KiUserCallbackDispatcher+0x2e

Java frames: (J=compiled Java code, j=interpreted, Vv=VM code)
j  sun.awt.windows.WToolkit.eventLoop()V+0
j  sun.awt.windows.WToolkit.run()V+52
j  java.lang.Thread.run()V+11
v  ~StubRoutines::call_stub

---------------  P R O C E S S  ---------------

Java Threads: ( => current thread )
  0x01a0d000 JavaThread "Thread-1" daemon [_thread_in_native, id=4460, stack(0x04490000,0x044e0000)]
  0x01a0bc00 JavaThread "TimerQueue" daemon [_thread_blocked, id=6124, stack(0x056f0000,0x05740000)]
  0x01a0b000 JavaThread "DestroyJavaVM" [_thread_blocked, id=3560, stack(0x00330000,0x00380000)]
  0x01a0a800 JavaThread "AWT-EventQueue-0" [_thread_blocked, id=5032, stack(0x043d0000,0x04420000)]
=>0x01a0a400 JavaThread "AWT-Windows" daemon [_thread_in_vm, id=2824, stack(0x04200000,0x04250000)]
  0x01a09c00 JavaThread "AWT-Shutdown" [_thread_blocked, id=5188, stack(0x041b0000,0x04200000)]
  0x01a09800 JavaThread "Java2D Disposer" daemon [_thread_in_native, id=224, stack(0x03e50000,0x03ea0000)]
  0x01a09000 JavaThread "Low Memory Detector" daemon [_thread_blocked, id=2812, stack(0x03cd0000,0x03d20000)]
  0x01a11800 JavaThread "C1 CompilerThread0" daemon [_thread_blocked, id=3192, stack(0x03c80000,0x03cd0000)]
  0x01a08800 JavaThread "Attach Listener" daemon [_thread_blocked, id=4320, stack(0x03c30000,0x03c80000)]
  0x01a08400 JavaThread "Signal Dispatcher" daemon [_thread_blocked, id=4520, stack(0x03be0000,0x03c30000)]
  0x01a01000 JavaThread "Finalizer" daemon [_thread_blocked, id=984, stack(0x03b90000,0x03be0000)]
  0x019fc400 JavaThread "Reference Handler" daemon [_thread_blocked, id=5372, stack(0x03b40000,0x03b90000)]

Other Threads:
  0x019c0800 VMThread [stack: 0x01330000,0x01380000] [id=3352]
  0x01a2e000 WatcherThread [stack: 0x03d20000,0x03d70000] [id=3100]

VM state:not at safepoint (normal execution)

VM Mutex/Monitor currently owned by a thread: None

Heap
 def new generation   total 26880K, used 1095K [0x23b70000, 0x25890000, 0x290c0000)
  eden space 23936K,   1% used [0x23b70000, 0x23bcd050, 0x252d0000)
  from space 2944K,  24% used [0x255b0000, 0x25664ec0, 0x25890000)
  to   space 2944K,   0% used [0x252d0000, 0x252d0000, 0x255b0000)
 tenured generation   total 59512K, used 35706K [0x290c0000, 0x2cade000, 0x33b70000)
   the space 59512K,  59% used [0x290c0000, 0x2b39eaa8, 0x2b39ec00, 0x2cade000)
 compacting perm gen  total 16640K, used 16397K [0x33b70000, 0x34bb0000, 0x37b70000)
   the space 16640K,  98% used [0x33b70000, 0x34b73668, 0x34b73800, 0x34bb0000)
    ro space 10240K,  51% used [0x37b70000, 0x3809dff8, 0x3809e000, 0x38570000)
    rw space 12288K,  55% used [0x38570000, 0x38c0c208, 0x38c0c400, 0x39170000)

Code Cache  [0x01a90000, 0x01e38000, 0x03a90000)
 total_blobs=2065 nmethods=1602 adapters=397 free_code_cache=29746112 largest_free_block=192

Dynamic libraries:
0x00400000 - 0x00424000 	C:\Program Files\Java\jre6\bin\javaw.exe
0x77cb0000 - 0x77dec000 	C:\Windows\SYSTEM32\ntdll.dll
0x762a0000 - 0x76374000 	C:\Windows\system32\kernel32.dll
0x75e80000 - 0x75eca000 	C:\Windows\system32\KERNELBASE.dll
0x77c10000 - 0x77cb0000 	C:\Windows\system32\ADVAPI32.dll
0x777f0000 - 0x7789c000 	C:\Windows\system32\msvcrt.dll
0x77df0000 - 0x77e09000 	C:\Windows\SYSTEM32\sechost.dll
0x77560000 - 0x77601000 	C:\Windows\system32\RPCRT4.dll
0x778a0000 - 0x77969000 	C:\Windows\system32\USER32.dll
0x770a0000 - 0x770ee000 	C:\Windows\system32\GDI32.dll
0x77090000 - 0x7709a000 	C:\Windows\system32\LPK.dll
0x77630000 - 0x776cd000 	C:\Windows\system32\USP10.dll
0x77610000 - 0x7762f000 	C:\Windows\system32\IMM32.DLL
0x772f0000 - 0x773bc000 	C:\Windows\system32\MSCTF.dll
0x7c340000 - 0x7c396000 	C:\Program Files\Java\jre6\bin\msvcr71.dll
0x6d7f0000 - 0x6da9f000 	C:\Program Files\Java\jre6\bin\client\jvm.dll
0x74110000 - 0x74142000 	C:\Windows\system32\WINMM.dll
0x75d30000 - 0x75d7b000 	C:\Windows\system32\apphelp.dll
0x6d7a0000 - 0x6d7ac000 	C:\Program Files\Java\jre6\bin\verify.dll
0x6d320000 - 0x6d33f000 	C:\Program Files\Java\jre6\bin\java.dll
0x773d0000 - 0x773d5000 	C:\Windows\system32\PSAPI.DLL
0x6d7e0000 - 0x6d7ef000 	C:\Program Files\Java\jre6\bin\zip.dll
0x6d000000 - 0x6d14b000 	C:\Program Files\Java\jre6\bin\awt.dll
0x6f8f0000 - 0x6f941000 	C:\Windows\system32\WINSPOOL.DRV
0x77ab0000 - 0x77c0c000 	C:\Windows\system32\ole32.dll
0x75200000 - 0x7539e000 	C:\Windows\WinSxS\x86_microsoft.windows.common-controls_6595b64144ccf1df_6.0.7600.16385_none_421189da2b7fabfc\COMCTL32.dll
0x77030000 - 0x77087000 	C:\Windows\system32\SHLWAPI.dll
0x75ed0000 - 0x75f54000 	C:\Windows\WinSxS\x86_microsoft.windows.common-controls_6595b64144ccf1df_5.82.7600.16385_none_ebf82fc36c758ad5\comctl32.dll
0x74940000 - 0x74953000 	C:\Windows\system32\DWMAPI.DLL
0x74c70000 - 0x74cb0000 	C:\Windows\system32\uxtheme.dll
0x64910000 - 0x6491e000 	C:\ProgramData\Real\RealPlayer\BrowserRecordPlugin\Chrome\Hook\rpchrome10browserrecordhelper.dll
0x716d0000 - 0x71773000 	C:\Windows\WinSxS\x86_microsoft.vc90.crt_1fc8b3b9a1e18e3b_9.0.30729.5570_none_509463cabcb6ef2a\MSVCR90.dll
0x763e0000 - 0x77029000 	C:\Windows\system32\SHELL32.dll
0x6f730000 - 0x6f7be000 	C:\Windows\WinSxS\x86_microsoft.vc90.crt_1fc8b3b9a1e18e3b_9.0.30729.5570_none_509463cabcb6ef2a\MSVCP90.dll
0x75d80000 - 0x75d8c000 	C:\Windows\system32\CRYPTBASE.dll
0x6d230000 - 0x6d27f000 	C:\Program Files\Java\jre6\bin\fontmanager.dll
0x6d600000 - 0x6d613000 	C:\Program Files\Java\jre6\bin\net.dll
0x777b0000 - 0x777e5000 	C:\Windows\system32\WS2_32.dll
0x773c0000 - 0x773c6000 	C:\Windows\system32\NSI.dll
0x50200000 - 0x50219000 	C:\WINDOWS\SYSTEM32\PavLspHook.DLL
0x50660000 - 0x5067d000 	C:\Windows\system32\systools.dll
0x776d0000 - 0x7775f000 	C:\Windows\system32\oleaut32.dll
0x41b60000 - 0x41b85000 	C:\Program Files\Panda Security\Panda Internet Security 2011\PavTrc.dll
0x75100000 - 0x75109000 	C:\Windows\system32\VERSION.dll
0x75bc0000 - 0x75bc8000 	C:\Windows\system32\Secur32.dll
0x75ce0000 - 0x75cfa000 	C:\Windows\system32\SSPICLI.DLL
0x75840000 - 0x7587c000 	C:\Windows\system32\mswsock.dll
0x75830000 - 0x75836000 	C:\Windows\System32\wship6.dll
0x6d620000 - 0x6d629000 	C:\Program Files\Java\jre6\bin\nio.dll
0x75190000 - 0x75195000 	C:\Windows\System32\wshtcpip.dll
0x75700000 - 0x75744000 	C:\Windows\system32\DNSAPI.dll
0x753f0000 - 0x7540c000 	C:\Windows\system32\IPHLPAPI.DLL
0x753e0000 - 0x753e7000 	C:\Windows\system32\WINNSI.DLL
0x71420000 - 0x71426000 	C:\Windows\system32\rasadhlp.dll
0x72690000 - 0x726c8000 	C:\Windows\System32\fwpuclnt.dll
0x75880000 - 0x75896000 	C:\Windows\system32\CRYPTSP.dll
0x75620000 - 0x7565b000 	C:\Windows\system32\rsaenh.dll
0x75460000 - 0x75477000 	C:\Windows\system32\USERENV.dll
0x75e00000 - 0x75e0b000 	C:\Windows\system32\profapi.dll
0x73f70000 - 0x73f80000 	C:\Windows\system32\NLAapi.dll
0x714d0000 - 0x714d8000 	C:\Windows\System32\winrnr.dll
0x714c0000 - 0x714d0000 	C:\Windows\system32\napinsp.dll
0x714a0000 - 0x714b2000 	C:\Windows\system32\pnrpnsp.dll
0x71490000 - 0x7149d000 	C:\Windows\system32\wshbth.dll
0x77e20000 - 0x77ea3000 	C:\Windows\system32\CLBCatQ.DLL
0x75df0000 - 0x75dfe000 	C:\Windows\system32\RpcRtRemote.dll

VM Arguments:
jvm_args: -Dfile.encoding=UTF-8 
java_command: br.com.wofsolutions.gui.Main
Launcher Type: SUN_STANDARD

Environment Variables:
JAVA_HOME=C:\Program Files\Java\jdk1.6.0_26\
CLASSPATH=.;C:\Program Files\Java\jre6\lib\ext\QTJava.zip
PATH=C:/Program Files/Java/jre6/bin/client;C:/Program Files/Java/jre6/bin;C:/Program Files/Java/jre6/lib/i386;C:\Program Files\Apache Software Foundation\Maven 1.1\bin;C:\Windows\system32;C:\Windows;C:\Windows\System32\Wbem;C:\Windows\System32\WindowsPowerShell\v1.0\;C:\Program Files\Panda Security\Panda Internet Security 2011;C:\Program Files\TortoiseSVN\bin;C:\Program Files\QuickTime\QTSystem\;C:\Users\Helber\Downloads\eclipse;
USERNAME=Helber
OS=Windows_NT
PROCESSOR_IDENTIFIER=x86 Family 6 Model 15 Stepping 13, GenuineIntel



---------------  S Y S T E M  ---------------

OS: Windows 7 Build 7600 

CPU:total 2 (2 cores per cpu, 1 threads per core) family 6 model 15 stepping 13, cmov, cx8, fxsr, mmx, sse, sse2, sse3, ssse3

Memory: 4k page, physical 2087288k(638936k free), swap 4174576k(1607404k free)

vm_info: Java HotSpot(TM) Client VM (20.1-b02) for windows-x86 JRE (1.6.0_26-b03), built on May  4 2011 00:50:59 by "java_re" with MS VC++ 7.1 (VS2003)

time: Sat Sep 03 17:51:12 2011
elapsed time: 778 seconds

