#
# A fatal error has been detected by the Java Runtime Environment:
#
#  EXCEPTION_ACCESS_VIOLATION (0xc0000005) at pc=0x6d8859ee, pid=5724, tid=4608
#
# JRE version: 6.0_26-b03
# Java VM: Java HotSpot(TM) Client VM (20.1-b02 mixed mode, sharing windows-x86 )
# Problematic frame:
# V  [jvm.dll+0x959ee]
#
# If you would like to submit a bug report, please visit:
#   http://java.sun.com/webapps/bugreport/crash.jsp
#

---------------  T H R E A D  ---------------

Current thread (0x03fe5800):  JavaThread "AWT-Windows" daemon [_thread_in_vm, id=4608, stack(0x03e30000,0x03e80000)]

siginfo: ExceptionCode=0xc0000005, reading address 0x00000000

Registers:
EAX=0x01947b90, EBX=0x00000000, ECX=0x00000000, EDX=0x03e7f64c
ESP=0x03e7f63c, EBP=0x03e7f6d0, ESI=0x03fe5800, EDI=0x03fe50e8
EIP=0x6d8859ee, EFLAGS=0x00010202

Top of Stack: (sp=0x03e7f63c)
0x03e7f63c:   018f19e8 03fe5928 03fe5800 00000012
0x03e7f64c:   01947b90 00000031 00000003 0c00020e
0x03e7f65c:   0000002f 00000012 0014af78 0c00020e
0x03e7f66c:   00000112 000f0000 000f0178 03e7f64c
0x03e7f67c:   03e7f66d 00000001 00000008 00121000
0x03e7f68c:   00123868 03e7f678 0000002f 00000000
0x03e7f69c:   03e7f6cc 6d7f2ac6 03fe5800 01937f50
0x03e7f6ac:   03fe5800 03fe5928 03e7f6a8 01947768 

Instructions: (pc=0x6d8859ee)
0x6d8859ce:   78 ff ff ff 89 41 14 8b 45 ac c6 04 10 01 8b 4d
0x6d8859de:   b0 8b 55 a8 8b 45 f4 89 04 8a ff 45 b0 8b 5d fc
0x6d8859ee:   8b 03 8b 48 08 0f b7 51 2a 8b 40 0c 8b 4c 90 28
0x6d8859fe:   51 56 8d 4d bc e8 68 a6 07 00 8b 55 18 33 c0 89 


Register to memory mapping:

EAX=0x01947b90 is an unknown value
EBX=0x00000000 is an unknown value
ECX=0x00000000 is an unknown value
EDX=0x03e7f64c is pointing into the stack for thread: 0x03fe5800
ESP=0x03e7f63c is pointing into the stack for thread: 0x03fe5800
EBP=0x03e7f6d0 is pointing into the stack for thread: 0x03fe5800
ESI=0x03fe5800 is a thread
EDI=0x03fe50e8 is an unknown value


Stack: [0x03e30000,0x03e80000],  sp=0x03e7f63c,  free space=317k
Native frames: (J=compiled Java code, j=interpreted, Vv=VM code, C=native code)
V  [jvm.dll+0x959ee]
V  [jvm.dll+0x9891c]
C  [awt.dll+0x6cc2c]  Java_sun_awt_windows_WChoicePeer_create+0x10c
C  [USER32.dll+0x186ef]  IsThreadDesktopComposited+0x11f
C  [USER32.dll+0x18876]  IsThreadDesktopComposited+0x2a6
C  [USER32.dll+0x170f4]  InflateRect+0x74
C  [USER32.dll+0x1738f]  DefWindowProcW+0x144
C  [ntdll.dll+0x4642e]  KiUserCallbackDispatcher+0x2e

Java frames: (J=compiled Java code, j=interpreted, Vv=VM code)
j  sun.awt.windows.WToolkit.eventLoop()V+0
j  sun.awt.windows.WToolkit.run()V+52
j  java.lang.Thread.run()V+11
v  ~StubRoutines::call_stub

---------------  P R O C E S S  ---------------

Java Threads: ( => current thread )
  0x03f0fc00 JavaThread "Thread-1" daemon [_thread_in_native, id=3932, stack(0x044a0000,0x044f0000)]
  0x05422400 JavaThread "AWT-EventQueue-0" [_thread_blocked, id=4652, stack(0x07120000,0x07170000)]
  0x052e3800 JavaThread "TimerQueue" daemon [_thread_blocked, id=5016, stack(0x055b0000,0x05600000)]
  0x012b9800 JavaThread "DestroyJavaVM" [_thread_blocked, id=3872, stack(0x00260000,0x002b0000)]
=>0x03fe5800 JavaThread "AWT-Windows" daemon [_thread_in_vm, id=4608, stack(0x03e30000,0x03e80000)]
  0x03fe4c00 JavaThread "AWT-Shutdown" [_thread_blocked, id=4332, stack(0x03dc0000,0x03e10000)]
  0x03fe4400 JavaThread "Java2D Disposer" daemon [_thread_in_native, id=1032, stack(0x03d70000,0x03dc0000)]
  0x01944400 JavaThread "Low Memory Detector" daemon [_thread_blocked, id=5944, stack(0x03cd0000,0x03d20000)]
  0x0193a400 JavaThread "C1 CompilerThread0" daemon [_thread_blocked, id=5484, stack(0x03c80000,0x03cd0000)]
  0x01939400 JavaThread "Attach Listener" daemon [_thread_blocked, id=5156, stack(0x03c30000,0x03c80000)]
  0x01938400 JavaThread "Signal Dispatcher" daemon [_thread_blocked, id=4756, stack(0x03be0000,0x03c30000)]
  0x01931000 JavaThread "Finalizer" daemon [_thread_blocked, id=5916, stack(0x03b90000,0x03be0000)]
  0x0192c400 JavaThread "Reference Handler" daemon [_thread_blocked, id=3140, stack(0x03b40000,0x03b90000)]

Other Threads:
  0x018f0800 VMThread [stack: 0x03af0000,0x03b40000] [id=5884]
  0x01945800 WatcherThread [stack: 0x03d20000,0x03d70000] [id=5848]

VM state:not at safepoint (normal execution)

VM Mutex/Monitor currently owned by a thread: None

Heap
 def new generation   total 20096K, used 922K [0x23b70000, 0x25130000, 0x290c0000)
  eden space 17920K,   1% used [0x23b70000, 0x23bbbbd8, 0x24cf0000)
  from space 2176K,  28% used [0x24f10000, 0x24faafe0, 0x25130000)
  to   space 2176K,   0% used [0x24cf0000, 0x24cf0000, 0x24f10000)
 tenured generation   total 44488K, used 26690K [0x290c0000, 0x2bc32000, 0x33b70000)
   the space 44488K,  59% used [0x290c0000, 0x2aad0a70, 0x2aad0c00, 0x2bc32000)
 compacting perm gen  total 17152K, used 16992K [0x33b70000, 0x34c30000, 0x37b70000)
   the space 17152K,  99% used [0x33b70000, 0x34c083f0, 0x34c08400, 0x34c30000)
    ro space 10240K,  51% used [0x37b70000, 0x3809dff8, 0x3809e000, 0x38570000)
    rw space 12288K,  55% used [0x38570000, 0x38c0c208, 0x38c0c400, 0x39170000)

Code Cache  [0x019c0000, 0x01da0000, 0x039c0000)
 total_blobs=2274 nmethods=1810 adapters=397 free_code_cache=29510720 largest_free_block=256

Dynamic libraries:
0x00400000 - 0x00424000 	C:\Program Files\Java\jre6\bin\javaw.exe
0x76e90000 - 0x76fcc000 	C:\Windows\SYSTEM32\ntdll.dll
0x76bd0000 - 0x76ca4000 	C:\Windows\system32\kernel32.dll
0x75280000 - 0x752ca000 	C:\Windows\system32\KERNELBASE.dll
0x76cb0000 - 0x76d50000 	C:\Windows\system32\ADVAPI32.dll
0x75630000 - 0x756dc000 	C:\Windows\system32\msvcrt.dll
0x76fe0000 - 0x76ff9000 	C:\Windows\SYSTEM32\sechost.dll
0x76de0000 - 0x76e81000 	C:\Windows\system32\RPCRT4.dll
0x75ce0000 - 0x75da9000 	C:\Windows\system32\USER32.dll
0x76b00000 - 0x76b4e000 	C:\Windows\system32\GDI32.dll
0x77030000 - 0x7703a000 	C:\Windows\system32\LPK.dll
0x75aa0000 - 0x75b3d000 	C:\Windows\system32\USP10.dll
0x77010000 - 0x7702f000 	C:\Windows\system32\IMM32.DLL
0x75c10000 - 0x75cdc000 	C:\Windows\system32\MSCTF.dll
0x7c340000 - 0x7c396000 	C:\Program Files\Java\jre6\bin\msvcr71.dll
0x6d7f0000 - 0x6da9f000 	C:\Program Files\Java\jre6\bin\client\jvm.dll
0x73360000 - 0x73392000 	C:\Windows\system32\WINMM.dll
0x74f10000 - 0x74f5b000 	C:\Windows\system32\apphelp.dll
0x6d7a0000 - 0x6d7ac000 	C:\Program Files\Java\jre6\bin\verify.dll
0x6d320000 - 0x6d33f000 	C:\Program Files\Java\jre6\bin\java.dll
0x770b0000 - 0x770b5000 	C:\Windows\system32\PSAPI.DLL
0x6d7e0000 - 0x6d7ef000 	C:\Program Files\Java\jre6\bin\zip.dll
0x6d000000 - 0x6d14b000 	C:\Program Files\Java\jre6\bin\awt.dll
0x6f410000 - 0x6f461000 	C:\Windows\system32\WINSPOOL.DRV
0x754d0000 - 0x7562c000 	C:\Windows\system32\ole32.dll
0x743e0000 - 0x7457e000 	C:\Windows\WinSxS\x86_microsoft.windows.common-controls_6595b64144ccf1df_6.0.7600.16385_none_421189da2b7fabfc\COMCTL32.dll
0x77050000 - 0x770a7000 	C:\Windows\system32\SHLWAPI.dll
0x751a0000 - 0x75224000 	C:\Windows\WinSxS\x86_microsoft.windows.common-controls_6595b64144ccf1df_5.82.7600.16385_none_ebf82fc36c758ad5\comctl32.dll
0x73b40000 - 0x73b53000 	C:\Windows\system32\DWMAPI.DLL
0x73e70000 - 0x73eb0000 	C:\Windows\system32\uxtheme.dll
0x64910000 - 0x6491e000 	C:\ProgramData\Real\RealPlayer\BrowserRecordPlugin\Chrome\Hook\rpchrome10browserrecordhelper.dll
0x70a60000 - 0x70b03000 	C:\Windows\WinSxS\x86_microsoft.vc90.crt_1fc8b3b9a1e18e3b_9.0.30729.5570_none_509463cabcb6ef2a\MSVCR90.dll
0x75db0000 - 0x769f9000 	C:\Windows\system32\SHELL32.dll
0x6abb0000 - 0x6ac3e000 	C:\Windows\WinSxS\x86_microsoft.vc90.crt_1fc8b3b9a1e18e3b_9.0.30729.5570_none_509463cabcb6ef2a\MSVCP90.dll
0x74f60000 - 0x74f6c000 	C:\Windows\system32\CRYPTBASE.dll
0x6d230000 - 0x6d27f000 	C:\Program Files\Java\jre6\bin\fontmanager.dll
0x6d600000 - 0x6d613000 	C:\Program Files\Java\jre6\bin\net.dll
0x75bd0000 - 0x75c05000 	C:\Windows\system32\WS2_32.dll
0x77040000 - 0x77046000 	C:\Windows\system32\NSI.dll
0x74a20000 - 0x74a5c000 	C:\Windows\system32\mswsock.dll
0x74a10000 - 0x74a16000 	C:\Windows\System32\wship6.dll
0x6d620000 - 0x6d629000 	C:\Program Files\Java\jre6\bin\nio.dll
0x74370000 - 0x74375000 	C:\Windows\System32\wshtcpip.dll
0x748e0000 - 0x74924000 	C:\Windows\system32\DNSAPI.dll
0x745d0000 - 0x745ec000 	C:\Windows\system32\IPHLPAPI.DLL
0x745c0000 - 0x745c7000 	C:\Windows\system32\WINNSI.DLL
0x70a40000 - 0x70a46000 	C:\Windows\system32\rasadhlp.dll
0x713f0000 - 0x71428000 	C:\Windows\System32\fwpuclnt.dll
0x74a60000 - 0x74a76000 	C:\Windows\system32\CRYPTSP.dll
0x74800000 - 0x7483b000 	C:\Windows\system32\rsaenh.dll
0x74640000 - 0x74657000 	C:\Windows\system32\USERENV.dll
0x74fe0000 - 0x74feb000 	C:\Windows\system32\profapi.dll
0x73340000 - 0x73350000 	C:\Windows\system32\NLAapi.dll
0x70840000 - 0x70848000 	C:\Windows\System32\winrnr.dll
0x70830000 - 0x70840000 	C:\Windows\system32\napinsp.dll
0x70810000 - 0x70822000 	C:\Windows\system32\pnrpnsp.dll
0x70800000 - 0x7080d000 	C:\Windows\system32\wshbth.dll
0x76d50000 - 0x76dd3000 	C:\Windows\system32\CLBCatQ.DLL
0x75b40000 - 0x75bcf000 	C:\Windows\system32\OLEAUT32.dll
0x74fd0000 - 0x74fde000 	C:\Windows\system32\RpcRtRemote.dll

VM Arguments:
jvm_args: -Dfile.encoding=UTF-8 
java_command: br.com.wofsolutions.gui.Principal
Launcher Type: SUN_STANDARD

Environment Variables:
JAVA_HOME=C:\Program Files\Java\jdk1.6.0_26\
CLASSPATH=.;C:\Program Files\Java\jre6\lib\ext\QTJava.zip
PATH=C:/Program Files/Java/jre6/bin/client;C:/Program Files/Java/jre6/bin;C:/Program Files/Java/jre6/lib/i386;C:\Program Files\Apache Software Foundation\Maven 1.1\bin;C:\Windows\system32;C:\Windows;C:\Windows\System32\Wbem;C:\Windows\System32\WindowsPowerShell\v1.0\;C:\Program Files\Panda Security\Panda Internet Security 2011;C:\Program Files\TortoiseSVN\bin;C:\Program Files\QuickTime\QTSystem\;C:\Program Files\Common Files\Ahead\Lib\;C:\Users\Helber\Downloads\eclipse;
USERNAME=Helber
OS=Windows_NT
PROCESSOR_IDENTIFIER=x86 Family 6 Model 15 Stepping 13, GenuineIntel



---------------  S Y S T E M  ---------------

OS: Windows 7 Build 7600 

CPU:total 2 (2 cores per cpu, 1 threads per core) family 6 model 15 stepping 13, cmov, cx8, fxsr, mmx, sse, sse2, sse3, ssse3

Memory: 4k page, physical 2087288k(539980k free), swap 4174576k(1379824k free)

vm_info: Java HotSpot(TM) Client VM (20.1-b02) for windows-x86 JRE (1.6.0_26-b03), built on May  4 2011 00:50:59 by "java_re" with MS VC++ 7.1 (VS2003)

time: Sat Sep 24 16:06:16 2011
elapsed time: 189 seconds

